[2025-12-31 14:17:20.851 +02:00  INF]  Request starting HTTP/2 OPTIONS https://localhost:7252/api/TravelAdmin/GetTrip_Mains?destination_id=0&&trip_type=0 - null null
[2025-12-31 14:17:20.855 +02:00  INF]  CORS policy execution successful.
[2025-12-31 14:17:20.855 +02:00  INF]  Request finished HTTP/2 OPTIONS https://localhost:7252/api/TravelAdmin/GetTrip_Mains?destination_id=0&&trip_type=0 - 204 null null 4.638ms
[2025-12-31 14:17:20.871 +02:00  INF]  Request starting HTTP/2 POST https://localhost:7252/api/TravelAdmin/GetTrip_Mains?destination_id=0&&trip_type=0 - null 0
[2025-12-31 14:17:20.871 +02:00  INF]  CORS policy execution successful.
[2025-12-31 14:17:20.882 +02:00  INF]  Failed to validate the token.
Microsoft.IdentityModel.Tokens.SecurityTokenExpiredException: IDX10223: Lifetime validation failed. The token is expired. ValidTo (UTC): '12/30/2025 3:35:52 PM', Current time (UTC): '12/31/2025 12:17:20 PM'.
   at Microsoft.IdentityModel.Tokens.Validators.ValidateLifetime(Nullable`1 notBefore, Nullable`1 expires, SecurityToken securityToken, TokenValidationParameters validationParameters)
   at Microsoft.IdentityModel.JsonWebTokens.JsonWebTokenHandler.ValidateTokenPayloadAsync(JsonWebToken jsonWebToken, TokenValidationParameters validationParameters, BaseConfiguration configuration)
   at Microsoft.IdentityModel.JsonWebTokens.JsonWebTokenHandler.ValidateJWSAsync(JsonWebToken jsonWebToken, TokenValidationParameters validationParameters, BaseConfiguration configuration)
[2025-12-31 14:17:20.882 +02:00  INF]  Bearer was not authenticated. Failure message: IDX10223: Lifetime validation failed. The token is expired. ValidTo (UTC): '12/30/2025 3:35:52 PM', Current time (UTC): '12/31/2025 12:17:20 PM'.
[2025-12-31 14:17:20.882 +02:00  INF]  Authorization failed. These requirements were not met:
RolesAuthorizationRequirement:User.IsInRole must be true for one of the following roles: (Admin)
[2025-12-31 14:17:20.882 +02:00  INF]  AuthenticationScheme: Bearer was challenged.
[2025-12-31 14:17:20.882 +02:00  INF]  Request finished HTTP/2 POST https://localhost:7252/api/TravelAdmin/GetTrip_Mains?destination_id=0&&trip_type=0 - 401 0 null 11.287ms
[2025-12-31 14:17:21.017 +02:00  INF]  Request starting HTTP/2 OPTIONS https://localhost:7252/api/TravelAdmin/GetTrip_Mains?destination_id=0&&trip_type=0 - null null
[2025-12-31 14:17:21.017 +02:00  INF]  CORS policy execution successful.
[2025-12-31 14:17:21.017 +02:00  INF]  Request finished HTTP/2 OPTIONS https://localhost:7252/api/TravelAdmin/GetTrip_Mains?destination_id=0&&trip_type=0 - 204 null null 0.3704ms
[2025-12-31 14:17:21.018 +02:00  INF]  Request starting HTTP/2 POST https://localhost:7252/api/TravelAdmin/GetTrip_Mains?destination_id=0&&trip_type=0 - null 0
[2025-12-31 14:17:21.018 +02:00  INF]  CORS policy execution successful.
[2025-12-31 14:17:21.018 +02:00  INF]  Executing endpoint 'ExcursionApp.Controllers.TravelAdminController.GetTrip_Mains (ExcursionApp)'
[2025-12-31 14:17:21.018 +02:00  INF]  Route matched with {action = "GetTrip_Mains", controller = "TravelAdmin"}. Executing controller action with signature System.Threading.Tasks.Task`1[Microsoft.AspNetCore.Mvc.IActionResult] GetTrip_Mains(Int32, Int32) on controller ExcursionApp.Controllers.TravelAdminController (ExcursionApp).
[2025-12-31 14:17:21.212 +02:00  INF]  Executed DbCommand (8ms) [Parameters=[], CommandType='"Text"', CommandTimeout='30']
SELECT t.destination_id, t.active, t.id, t.pickup, t.route, t.show_in_slider, t.show_in_top, t.trip_code, t.trip_default_name, t.trip_duration, d.country_code, d.dest_code, d.dest_default_name, t.trip_type, t.transfer_category_id, t.trip_code_auto, t.release_days, t.trip_order, t.is_comm_soon
FROM trip_main AS t
INNER JOIN destination_main AS d ON t.destination_id = d.id
WHERE (t.destination_id = t.destination_id OR t.destination_id IS NULL) AND (t.trip_type = t.trip_type OR t.trip_type IS NULL)
ORDER BY t.id
[2025-12-31 14:17:21.212 +02:00  INF]  Executing OkObjectResult, writing value of type 'System.Collections.Generic.List`1[[ExcursionApp.Data.Models.trips.TripMainCast, ExcursionApp.Data, Version=1.0.0.0, Culture=neutral, PublicKeyToken=null]]'.
[2025-12-31 14:17:21.220 +02:00  INF]  Executed action ExcursionApp.Controllers.TravelAdminController.GetTrip_Mains (ExcursionApp) in 201.5553ms
[2025-12-31 14:17:21.220 +02:00  INF]  Executed endpoint 'ExcursionApp.Controllers.TravelAdminController.GetTrip_Mains (ExcursionApp)'
[2025-12-31 14:17:21.220 +02:00  INF]  Request finished HTTP/2 POST https://localhost:7252/api/TravelAdmin/GetTrip_Mains?destination_id=0&&trip_type=0 - 200 10080 application/json; charset=utf-8 202.353ms
[2025-12-31 14:17:22.904 +02:00  INF]  Request starting HTTP/2 OPTIONS https://localhost:7252/api/TravelAdmin/GetImgsByTrip?trip_id=1 - null null
[2025-12-31 14:17:22.904 +02:00  INF]  CORS policy execution successful.
[2025-12-31 14:17:22.904 +02:00  INF]  Request finished HTTP/2 OPTIONS https://localhost:7252/api/TravelAdmin/GetImgsByTrip?trip_id=1 - 204 null null 0.3022ms
[2025-12-31 14:17:22.913 +02:00  INF]  Request starting HTTP/2 POST https://localhost:7252/api/TravelAdmin/GetImgsByTrip?trip_id=1 - null 0
[2025-12-31 14:17:22.913 +02:00  INF]  CORS policy execution successful.
[2025-12-31 14:17:22.917 +02:00  INF]  Executing endpoint 'ExcursionApp.Controllers.TravelAdminController.GetImgsByTrip (ExcursionApp)'
[2025-12-31 14:17:22.917 +02:00  INF]  Route matched with {action = "GetImgsByTrip", controller = "TravelAdmin"}. Executing controller action with signature System.Threading.Tasks.Task`1[Microsoft.AspNetCore.Mvc.IActionResult] GetImgsByTrip(Int64) on controller ExcursionApp.Controllers.TravelAdminController (ExcursionApp).
[2025-12-31 14:17:22.930 +02:00  INF]  Executed DbCommand (12ms) [Parameters=[@__trip_id_0='?' (DbType = Decimal)], CommandType='"Text"', CommandTimeout='30']
SELECT t.id, t.img_height, t.img_name, 'http://api.raccoon24.de/' || COALESCE(t.img_path, '') AS img_path, 'http://api.raccoon24.de/' || COALESCE(t.img_resize_path, '') AS img_resize_path, t.img_width, t.is_default, t.trip_id
FROM trip_imgs AS t
WHERE t.trip_id::numeric = @__trip_id_0
ORDER BY t.id
[2025-12-31 14:17:22.934 +02:00  INF]  Executing OkObjectResult, writing value of type 'System.Collections.Generic.List`1[[ExcursionApp.Data.Entities.trip_img, ExcursionApp.Data, Version=1.0.0.0, Culture=neutral, PublicKeyToken=null]]'.
[2025-12-31 14:17:22.937 +02:00  INF]  Executed action ExcursionApp.Controllers.TravelAdminController.GetImgsByTrip (ExcursionApp) in 20.2161ms
[2025-12-31 14:17:22.937 +02:00  INF]  Executed endpoint 'ExcursionApp.Controllers.TravelAdminController.GetImgsByTrip (ExcursionApp)'
[2025-12-31 14:17:22.937 +02:00  INF]  Request finished HTTP/2 POST https://localhost:7252/api/TravelAdmin/GetImgsByTrip?trip_id=1 - 200 4471 application/json; charset=utf-8 24.4815ms
[2025-12-31 14:25:20.479 +02:00  INF]  Request starting HTTP/2 OPTIONS https://localhost:7252/api/TravelAdmin/GetTrip_Mains?destination_id=0&&trip_type=0 - null null
[2025-12-31 14:25:20.486 +02:00  INF]  CORS policy execution successful.
[2025-12-31 14:25:20.486 +02:00  INF]  Request finished HTTP/2 OPTIONS https://localhost:7252/api/TravelAdmin/GetTrip_Mains?destination_id=0&&trip_type=0 - 204 null null 7.0426ms
[2025-12-31 14:25:20.487 +02:00  INF]  Request starting HTTP/2 POST https://localhost:7252/api/TravelAdmin/GetTrip_Mains?destination_id=0&&trip_type=0 - null 0
[2025-12-31 14:25:20.487 +02:00  INF]  CORS policy execution successful.
[2025-12-31 14:25:20.488 +02:00  INF]  Executing endpoint 'ExcursionApp.Controllers.TravelAdminController.GetTrip_Mains (ExcursionApp)'
[2025-12-31 14:25:20.488 +02:00  INF]  Route matched with {action = "GetTrip_Mains", controller = "TravelAdmin"}. Executing controller action with signature System.Threading.Tasks.Task`1[Microsoft.AspNetCore.Mvc.IActionResult] GetTrip_Mains(Int32, Int32) on controller ExcursionApp.Controllers.TravelAdminController (ExcursionApp).
[2025-12-31 14:25:20.569 +02:00  INF]  Executed DbCommand (5ms) [Parameters=[], CommandType='"Text"', CommandTimeout='30']
SELECT t.destination_id, t.active, t.id, t.pickup, t.route, t.show_in_slider, t.show_in_top, t.trip_code, t.trip_default_name, t.trip_duration, d.country_code, d.dest_code, d.dest_default_name, t.trip_type, t.transfer_category_id, t.trip_code_auto, t.release_days, t.trip_order, t.is_comm_soon
FROM trip_main AS t
INNER JOIN destination_main AS d ON t.destination_id = d.id
WHERE (t.destination_id = t.destination_id OR t.destination_id IS NULL) AND (t.trip_type = t.trip_type OR t.trip_type IS NULL)
ORDER BY t.id
[2025-12-31 14:25:20.570 +02:00  INF]  Executing OkObjectResult, writing value of type 'System.Collections.Generic.List`1[[ExcursionApp.Data.Models.trips.TripMainCast, ExcursionApp.Data, Version=1.0.0.0, Culture=neutral, PublicKeyToken=null]]'.
[2025-12-31 14:25:20.581 +02:00  INF]  Executed action ExcursionApp.Controllers.TravelAdminController.GetTrip_Mains (ExcursionApp) in 93.1054ms
[2025-12-31 14:25:20.581 +02:00  INF]  Executed endpoint 'ExcursionApp.Controllers.TravelAdminController.GetTrip_Mains (ExcursionApp)'
[2025-12-31 14:25:20.581 +02:00  INF]  Request finished HTTP/2 POST https://localhost:7252/api/TravelAdmin/GetTrip_Mains?destination_id=0&&trip_type=0 - 200 10080 application/json; charset=utf-8 94.1093ms
[2025-12-31 14:25:23.657 +02:00  INF]  Request starting HTTP/2 OPTIONS https://localhost:7252/api/TravelAdmin/GetTrip_Mains?destination_id=0&&trip_type=0 - null null
[2025-12-31 14:25:23.659 +02:00  INF]  CORS policy execution successful.
[2025-12-31 14:25:23.659 +02:00  INF]  Request finished HTTP/2 OPTIONS https://localhost:7252/api/TravelAdmin/GetTrip_Mains?destination_id=0&&trip_type=0 - 204 null null 2.2133ms
[2025-12-31 14:25:23.661 +02:00  INF]  Request starting HTTP/2 POST https://localhost:7252/api/TravelAdmin/GetTrip_Mains?destination_id=0&&trip_type=0 - null 0
[2025-12-31 14:25:23.661 +02:00  INF]  CORS policy execution successful.
[2025-12-31 14:25:23.662 +02:00  INF]  Executing endpoint 'ExcursionApp.Controllers.TravelAdminController.GetTrip_Mains (ExcursionApp)'
[2025-12-31 14:25:23.662 +02:00  INF]  Route matched with {action = "GetTrip_Mains", controller = "TravelAdmin"}. Executing controller action with signature System.Threading.Tasks.Task`1[Microsoft.AspNetCore.Mvc.IActionResult] GetTrip_Mains(Int32, Int32) on controller ExcursionApp.Controllers.TravelAdminController (ExcursionApp).
[2025-12-31 14:25:23.665 +02:00  INF]  Executed DbCommand (2ms) [Parameters=[], CommandType='"Text"', CommandTimeout='30']
SELECT t.destination_id, t.active, t.id, t.pickup, t.route, t.show_in_slider, t.show_in_top, t.trip_code, t.trip_default_name, t.trip_duration, d.country_code, d.dest_code, d.dest_default_name, t.trip_type, t.transfer_category_id, t.trip_code_auto, t.release_days, t.trip_order, t.is_comm_soon
FROM trip_main AS t
INNER JOIN destination_main AS d ON t.destination_id = d.id
WHERE (t.destination_id = t.destination_id OR t.destination_id IS NULL) AND (t.trip_type = t.trip_type OR t.trip_type IS NULL)
ORDER BY t.id
[2025-12-31 14:25:23.666 +02:00  INF]  Executing OkObjectResult, writing value of type 'System.Collections.Generic.List`1[[ExcursionApp.Data.Models.trips.TripMainCast, ExcursionApp.Data, Version=1.0.0.0, Culture=neutral, PublicKeyToken=null]]'.
[2025-12-31 14:25:23.694 +02:00  INF]  Executed action ExcursionApp.Controllers.TravelAdminController.GetTrip_Mains (ExcursionApp) in 32.2311ms
[2025-12-31 14:25:23.694 +02:00  INF]  Executed endpoint 'ExcursionApp.Controllers.TravelAdminController.GetTrip_Mains (ExcursionApp)'
[2025-12-31 14:25:23.694 +02:00  INF]  Request finished HTTP/2 POST https://localhost:7252/api/TravelAdmin/GetTrip_Mains?destination_id=0&&trip_type=0 - 200 10080 application/json; charset=utf-8 33.4174ms
[2025-12-31 14:25:24.982 +02:00  INF]  Request starting HTTP/2 OPTIONS https://localhost:7252/api/TravelAdmin/GetImgsByTrip?trip_id=1 - null null
[2025-12-31 14:25:24.982 +02:00  INF]  CORS policy execution successful.
[2025-12-31 14:25:24.982 +02:00  INF]  Request finished HTTP/2 OPTIONS https://localhost:7252/api/TravelAdmin/GetImgsByTrip?trip_id=1 - 204 null null 0.4676ms
[2025-12-31 14:25:24.984 +02:00  INF]  Request starting HTTP/2 POST https://localhost:7252/api/TravelAdmin/GetImgsByTrip?trip_id=1 - null 0
[2025-12-31 14:25:24.984 +02:00  INF]  CORS policy execution successful.
[2025-12-31 14:25:24.984 +02:00  INF]  Executing endpoint 'ExcursionApp.Controllers.TravelAdminController.GetImgsByTrip (ExcursionApp)'
[2025-12-31 14:25:24.984 +02:00  INF]  Route matched with {action = "GetImgsByTrip", controller = "TravelAdmin"}. Executing controller action with signature System.Threading.Tasks.Task`1[Microsoft.AspNetCore.Mvc.IActionResult] GetImgsByTrip(Int64) on controller ExcursionApp.Controllers.TravelAdminController (ExcursionApp).
[2025-12-31 14:25:24.988 +02:00  INF]  Executed DbCommand (3ms) [Parameters=[@__trip_id_0='?' (DbType = Decimal)], CommandType='"Text"', CommandTimeout='30']
SELECT t.id, t.img_height, t.img_name, 'http://api.raccoon24.de/' || COALESCE(t.img_path, '') AS img_path, 'http://api.raccoon24.de/' || COALESCE(t.img_resize_path, '') AS img_resize_path, t.img_width, t.is_default, t.trip_id
FROM trip_imgs AS t
WHERE t.trip_id::numeric = @__trip_id_0
ORDER BY t.id
[2025-12-31 14:25:24.988 +02:00  INF]  Executing OkObjectResult, writing value of type 'System.Collections.Generic.List`1[[ExcursionApp.Data.Entities.trip_img, ExcursionApp.Data, Version=1.0.0.0, Culture=neutral, PublicKeyToken=null]]'.
[2025-12-31 14:25:24.989 +02:00  INF]  Executed action ExcursionApp.Controllers.TravelAdminController.GetImgsByTrip (ExcursionApp) in 4.4782ms
[2025-12-31 14:25:24.989 +02:00  INF]  Executed endpoint 'ExcursionApp.Controllers.TravelAdminController.GetImgsByTrip (ExcursionApp)'
[2025-12-31 14:25:24.989 +02:00  INF]  Request finished HTTP/2 POST https://localhost:7252/api/TravelAdmin/GetImgsByTrip?trip_id=1 - 200 4471 application/json; charset=utf-8 5.438ms
[2025-12-31 14:25:51.631 +02:00  INF]  Request starting HTTP/2 OPTIONS https://localhost:7252/api/TravelAdmin/GetTrip_Mains?destination_id=0&&trip_type=0 - null null
[2025-12-31 14:25:51.632 +02:00  INF]  CORS policy execution successful.
[2025-12-31 14:25:51.632 +02:00  INF]  Request finished HTTP/2 OPTIONS https://localhost:7252/api/TravelAdmin/GetTrip_Mains?destination_id=0&&trip_type=0 - 204 null null 0.2494ms
[2025-12-31 14:25:51.633 +02:00  INF]  Request starting HTTP/2 POST https://localhost:7252/api/TravelAdmin/GetTrip_Mains?destination_id=0&&trip_type=0 - null 0
[2025-12-31 14:25:51.633 +02:00  INF]  CORS policy execution successful.
[2025-12-31 14:25:51.633 +02:00  INF]  Executing endpoint 'ExcursionApp.Controllers.TravelAdminController.GetTrip_Mains (ExcursionApp)'
[2025-12-31 14:25:51.633 +02:00  INF]  Route matched with {action = "GetTrip_Mains", controller = "TravelAdmin"}. Executing controller action with signature System.Threading.Tasks.Task`1[Microsoft.AspNetCore.Mvc.IActionResult] GetTrip_Mains(Int32, Int32) on controller ExcursionApp.Controllers.TravelAdminController (ExcursionApp).
[2025-12-31 14:25:51.651 +02:00  INF]  Executed DbCommand (15ms) [Parameters=[], CommandType='"Text"', CommandTimeout='30']
SELECT t.destination_id, t.active, t.id, t.pickup, t.route, t.show_in_slider, t.show_in_top, t.trip_code, t.trip_default_name, t.trip_duration, d.country_code, d.dest_code, d.dest_default_name, t.trip_type, t.transfer_category_id, t.trip_code_auto, t.release_days, t.trip_order, t.is_comm_soon
FROM trip_main AS t
INNER JOIN destination_main AS d ON t.destination_id = d.id
WHERE (t.destination_id = t.destination_id OR t.destination_id IS NULL) AND (t.trip_type = t.trip_type OR t.trip_type IS NULL)
ORDER BY t.id
[2025-12-31 14:25:51.652 +02:00  INF]  Executing OkObjectResult, writing value of type 'System.Collections.Generic.List`1[[ExcursionApp.Data.Models.trips.TripMainCast, ExcursionApp.Data, Version=1.0.0.0, Culture=neutral, PublicKeyToken=null]]'.
[2025-12-31 14:25:51.654 +02:00  INF]  Executed action ExcursionApp.Controllers.TravelAdminController.GetTrip_Mains (ExcursionApp) in 21.15ms
[2025-12-31 14:25:51.655 +02:00  INF]  Executed endpoint 'ExcursionApp.Controllers.TravelAdminController.GetTrip_Mains (ExcursionApp)'
[2025-12-31 14:25:51.655 +02:00  INF]  Request finished HTTP/2 POST https://localhost:7252/api/TravelAdmin/GetTrip_Mains?destination_id=0&&trip_type=0 - 200 10080 application/json; charset=utf-8 22.4752ms
[2025-12-31 14:25:53.179 +02:00  INF]  Request starting HTTP/2 OPTIONS https://localhost:7252/api/TravelAdmin/GetImgsByTrip?trip_id=1 - null null
[2025-12-31 14:25:53.179 +02:00  INF]  CORS policy execution successful.
[2025-12-31 14:25:53.179 +02:00  INF]  Request finished HTTP/2 OPTIONS https://localhost:7252/api/TravelAdmin/GetImgsByTrip?trip_id=1 - 204 null null 0.5727ms
[2025-12-31 14:25:53.181 +02:00  INF]  Request starting HTTP/2 POST https://localhost:7252/api/TravelAdmin/GetImgsByTrip?trip_id=1 - null 0
[2025-12-31 14:25:53.181 +02:00  INF]  CORS policy execution successful.
[2025-12-31 14:25:53.181 +02:00  INF]  Executing endpoint 'ExcursionApp.Controllers.TravelAdminController.GetImgsByTrip (ExcursionApp)'
[2025-12-31 14:25:53.181 +02:00  INF]  Route matched with {action = "GetImgsByTrip", controller = "TravelAdmin"}. Executing controller action with signature System.Threading.Tasks.Task`1[Microsoft.AspNetCore.Mvc.IActionResult] GetImgsByTrip(Int64) on controller ExcursionApp.Controllers.TravelAdminController (ExcursionApp).
[2025-12-31 14:25:53.183 +02:00  INF]  Executed DbCommand (1ms) [Parameters=[@__trip_id_0='?' (DbType = Decimal)], CommandType='"Text"', CommandTimeout='30']
SELECT t.id, t.img_height, t.img_name, 'http://api.raccoon24.de/' || COALESCE(t.img_path, '') AS img_path, 'http://api.raccoon24.de/' || COALESCE(t.img_resize_path, '') AS img_resize_path, t.img_width, t.is_default, t.trip_id
FROM trip_imgs AS t
WHERE t.trip_id::numeric = @__trip_id_0
ORDER BY t.id
[2025-12-31 14:25:53.184 +02:00  INF]  Executing OkObjectResult, writing value of type 'System.Collections.Generic.List`1[[ExcursionApp.Data.Entities.trip_img, ExcursionApp.Data, Version=1.0.0.0, Culture=neutral, PublicKeyToken=null]]'.
[2025-12-31 14:25:53.185 +02:00  INF]  Executed action ExcursionApp.Controllers.TravelAdminController.GetImgsByTrip (ExcursionApp) in 3.9755ms
[2025-12-31 14:25:53.185 +02:00  INF]  Executed endpoint 'ExcursionApp.Controllers.TravelAdminController.GetImgsByTrip (ExcursionApp)'
[2025-12-31 14:25:53.186 +02:00  INF]  Request finished HTTP/2 POST https://localhost:7252/api/TravelAdmin/GetImgsByTrip?trip_id=1 - 200 4471 application/json; charset=utf-8 4.8411ms
[2025-12-31 14:26:41.714 +02:00  INF]  Request starting HTTP/2 OPTIONS https://localhost:7252/api/TravelAdmin/GetTrip_Mains?destination_id=0&&trip_type=0 - null null
[2025-12-31 14:26:41.714 +02:00  INF]  CORS policy execution successful.
[2025-12-31 14:26:41.714 +02:00  INF]  Request finished HTTP/2 OPTIONS https://localhost:7252/api/TravelAdmin/GetTrip_Mains?destination_id=0&&trip_type=0 - 204 null null 0.5263ms
[2025-12-31 14:26:41.721 +02:00  INF]  Request starting HTTP/2 POST https://localhost:7252/api/TravelAdmin/GetTrip_Mains?destination_id=0&&trip_type=0 - null 0
[2025-12-31 14:26:41.723 +02:00  INF]  CORS policy execution successful.
[2025-12-31 14:26:41.724 +02:00  INF]  Executing endpoint 'ExcursionApp.Controllers.TravelAdminController.GetTrip_Mains (ExcursionApp)'
[2025-12-31 14:26:41.724 +02:00  INF]  Route matched with {action = "GetTrip_Mains", controller = "TravelAdmin"}. Executing controller action with signature System.Threading.Tasks.Task`1[Microsoft.AspNetCore.Mvc.IActionResult] GetTrip_Mains(Int32, Int32) on controller ExcursionApp.Controllers.TravelAdminController (ExcursionApp).
[2025-12-31 14:26:41.738 +02:00  INF]  Executed DbCommand (3ms) [Parameters=[], CommandType='"Text"', CommandTimeout='30']
SELECT t.destination_id, t.active, t.id, t.pickup, t.route, t.show_in_slider, t.show_in_top, t.trip_code, t.trip_default_name, t.trip_duration, d.country_code, d.dest_code, d.dest_default_name, t.trip_type, t.transfer_category_id, t.trip_code_auto, t.release_days, t.trip_order, t.is_comm_soon
FROM trip_main AS t
INNER JOIN destination_main AS d ON t.destination_id = d.id
WHERE (t.destination_id = t.destination_id OR t.destination_id IS NULL) AND (t.trip_type = t.trip_type OR t.trip_type IS NULL)
ORDER BY t.id
[2025-12-31 14:26:41.738 +02:00  INF]  Executing OkObjectResult, writing value of type 'System.Collections.Generic.List`1[[ExcursionApp.Data.Models.trips.TripMainCast, ExcursionApp.Data, Version=1.0.0.0, Culture=neutral, PublicKeyToken=null]]'.
[2025-12-31 14:26:41.740 +02:00  INF]  Executed action ExcursionApp.Controllers.TravelAdminController.GetTrip_Mains (ExcursionApp) in 15.7593ms
[2025-12-31 14:26:41.741 +02:00  INF]  Executed endpoint 'ExcursionApp.Controllers.TravelAdminController.GetTrip_Mains (ExcursionApp)'
[2025-12-31 14:26:41.741 +02:00  INF]  Request finished HTTP/2 POST https://localhost:7252/api/TravelAdmin/GetTrip_Mains?destination_id=0&&trip_type=0 - 200 10080 application/json; charset=utf-8 19.7049ms
[2025-12-31 14:26:43.406 +02:00  INF]  Request starting HTTP/2 OPTIONS https://localhost:7252/api/TravelAdmin/GetImgsByTrip?trip_id=1 - null null
[2025-12-31 14:26:43.406 +02:00  INF]  CORS policy execution successful.
[2025-12-31 14:26:43.406 +02:00  INF]  Request finished HTTP/2 OPTIONS https://localhost:7252/api/TravelAdmin/GetImgsByTrip?trip_id=1 - 204 null null 0.4668ms
[2025-12-31 14:26:43.409 +02:00  INF]  Request starting HTTP/2 POST https://localhost:7252/api/TravelAdmin/GetImgsByTrip?trip_id=1 - null 0
[2025-12-31 14:26:43.409 +02:00  INF]  CORS policy execution successful.
[2025-12-31 14:26:43.410 +02:00  INF]  Executing endpoint 'ExcursionApp.Controllers.TravelAdminController.GetImgsByTrip (ExcursionApp)'
[2025-12-31 14:26:43.410 +02:00  INF]  Route matched with {action = "GetImgsByTrip", controller = "TravelAdmin"}. Executing controller action with signature System.Threading.Tasks.Task`1[Microsoft.AspNetCore.Mvc.IActionResult] GetImgsByTrip(Int64) on controller ExcursionApp.Controllers.TravelAdminController (ExcursionApp).
[2025-12-31 14:26:43.411 +02:00  INF]  Executed DbCommand (1ms) [Parameters=[@__trip_id_0='?' (DbType = Decimal)], CommandType='"Text"', CommandTimeout='30']
SELECT t.id, t.img_height, t.img_name, 'http://api.raccoon24.de/' || COALESCE(t.img_path, '') AS img_path, 'http://api.raccoon24.de/' || COALESCE(t.img_resize_path, '') AS img_resize_path, t.img_width, t.is_default, t.trip_id
FROM trip_imgs AS t
WHERE t.trip_id::numeric = @__trip_id_0
ORDER BY t.id
[2025-12-31 14:26:43.412 +02:00  INF]  Executing OkObjectResult, writing value of type 'System.Collections.Generic.List`1[[ExcursionApp.Data.Entities.trip_img, ExcursionApp.Data, Version=1.0.0.0, Culture=neutral, PublicKeyToken=null]]'.
[2025-12-31 14:26:43.413 +02:00  INF]  Executed action ExcursionApp.Controllers.TravelAdminController.GetImgsByTrip (ExcursionApp) in 3.6057ms
[2025-12-31 14:26:43.413 +02:00  INF]  Executed endpoint 'ExcursionApp.Controllers.TravelAdminController.GetImgsByTrip (ExcursionApp)'
[2025-12-31 14:26:43.413 +02:00  INF]  Request finished HTTP/2 POST https://localhost:7252/api/TravelAdmin/GetImgsByTrip?trip_id=1 - 200 4471 application/json; charset=utf-8 4.4099ms
[2025-12-31 14:27:57.954 +02:00  INF]  Request starting HTTP/2 OPTIONS https://localhost:7252/api/TravelAdmin/GetTrip_Mains?destination_id=0&&trip_type=0 - null null
[2025-12-31 14:27:57.954 +02:00  INF]  CORS policy execution successful.
[2025-12-31 14:27:57.954 +02:00  INF]  Request finished HTTP/2 OPTIONS https://localhost:7252/api/TravelAdmin/GetTrip_Mains?destination_id=0&&trip_type=0 - 204 null null 0.2616ms
[2025-12-31 14:27:57.972 +02:00  INF]  Request starting HTTP/2 POST https://localhost:7252/api/TravelAdmin/GetTrip_Mains?destination_id=0&&trip_type=0 - null 0
[2025-12-31 14:27:57.972 +02:00  INF]  CORS policy execution successful.
[2025-12-31 14:27:57.987 +02:00  INF]  Failed to validate the token.
Microsoft.IdentityModel.Tokens.SecurityTokenExpiredException: IDX10223: Lifetime validation failed. The token is expired. ValidTo (UTC): '12/31/2025 12:22:21 PM', Current time (UTC): '12/31/2025 12:27:57 PM'.
   at Microsoft.IdentityModel.Tokens.Validators.ValidateLifetime(Nullable`1 notBefore, Nullable`1 expires, SecurityToken securityToken, TokenValidationParameters validationParameters)
   at Microsoft.IdentityModel.JsonWebTokens.JsonWebTokenHandler.ValidateTokenPayloadAsync(JsonWebToken jsonWebToken, TokenValidationParameters validationParameters, BaseConfiguration configuration)
   at Microsoft.IdentityModel.JsonWebTokens.JsonWebTokenHandler.ValidateJWSAsync(JsonWebToken jsonWebToken, TokenValidationParameters validationParameters, BaseConfiguration configuration)
[2025-12-31 14:27:57.988 +02:00  INF]  Bearer was not authenticated. Failure message: IDX10223: Lifetime validation failed. The token is expired. ValidTo (UTC): '12/31/2025 12:22:21 PM', Current time (UTC): '12/31/2025 12:27:57 PM'.
[2025-12-31 14:27:57.988 +02:00  INF]  Authorization failed. These requirements were not met:
RolesAuthorizationRequirement:User.IsInRole must be true for one of the following roles: (Admin)
[2025-12-31 14:27:57.988 +02:00  INF]  AuthenticationScheme: Bearer was challenged.
[2025-12-31 14:27:57.988 +02:00  INF]  Request finished HTTP/2 POST https://localhost:7252/api/TravelAdmin/GetTrip_Mains?destination_id=0&&trip_type=0 - 401 0 null 21.7309ms
[2025-12-31 14:27:58.171 +02:00  INF]  Request starting HTTP/2 OPTIONS https://localhost:7252/api/TravelAdmin/GetTrip_Mains?destination_id=0&&trip_type=0 - null null
[2025-12-31 14:27:58.171 +02:00  INF]  CORS policy execution successful.
[2025-12-31 14:27:58.171 +02:00  INF]  Request finished HTTP/2 OPTIONS https://localhost:7252/api/TravelAdmin/GetTrip_Mains?destination_id=0&&trip_type=0 - 204 null null 0.2146ms
[2025-12-31 14:27:58.198 +02:00  INF]  Request starting HTTP/2 POST https://localhost:7252/api/TravelAdmin/GetTrip_Mains?destination_id=0&&trip_type=0 - null 0
[2025-12-31 14:27:58.198 +02:00  INF]  CORS policy execution successful.
[2025-12-31 14:27:58.198 +02:00  INF]  Executing endpoint 'ExcursionApp.Controllers.TravelAdminController.GetTrip_Mains (ExcursionApp)'
[2025-12-31 14:27:58.198 +02:00  INF]  Route matched with {action = "GetTrip_Mains", controller = "TravelAdmin"}. Executing controller action with signature System.Threading.Tasks.Task`1[Microsoft.AspNetCore.Mvc.IActionResult] GetTrip_Mains(Int32, Int32) on controller ExcursionApp.Controllers.TravelAdminController (ExcursionApp).
[2025-12-31 14:27:58.217 +02:00  INF]  Executed DbCommand (18ms) [Parameters=[], CommandType='"Text"', CommandTimeout='30']
SELECT t.destination_id, t.active, t.id, t.pickup, t.route, t.show_in_slider, t.show_in_top, t.trip_code, t.trip_default_name, t.trip_duration, d.country_code, d.dest_code, d.dest_default_name, t.trip_type, t.transfer_category_id, t.trip_code_auto, t.release_days, t.trip_order, t.is_comm_soon
FROM trip_main AS t
INNER JOIN destination_main AS d ON t.destination_id = d.id
WHERE (t.destination_id = t.destination_id OR t.destination_id IS NULL) AND (t.trip_type = t.trip_type OR t.trip_type IS NULL)
ORDER BY t.id
[2025-12-31 14:27:58.218 +02:00  INF]  Executing OkObjectResult, writing value of type 'System.Collections.Generic.List`1[[ExcursionApp.Data.Models.trips.TripMainCast, ExcursionApp.Data, Version=1.0.0.0, Culture=neutral, PublicKeyToken=null]]'.
[2025-12-31 14:27:58.234 +02:00  INF]  Executed action ExcursionApp.Controllers.TravelAdminController.GetTrip_Mains (ExcursionApp) in 35.5799ms
[2025-12-31 14:27:58.234 +02:00  INF]  Executed endpoint 'ExcursionApp.Controllers.TravelAdminController.GetTrip_Mains (ExcursionApp)'
[2025-12-31 14:27:58.234 +02:00  INF]  Request finished HTTP/2 POST https://localhost:7252/api/TravelAdmin/GetTrip_Mains?destination_id=0&&trip_type=0 - 200 10080 application/json; charset=utf-8 36.3ms
[2025-12-31 14:28:00.235 +02:00  INF]  Request starting HTTP/2 OPTIONS https://localhost:7252/api/TravelAdmin/GetImgsByTrip?trip_id=1 - null null
[2025-12-31 14:28:00.235 +02:00  INF]  CORS policy execution successful.
[2025-12-31 14:28:00.235 +02:00  INF]  Request finished HTTP/2 OPTIONS https://localhost:7252/api/TravelAdmin/GetImgsByTrip?trip_id=1 - 204 null null 0.2152ms
[2025-12-31 14:28:00.237 +02:00  INF]  Request starting HTTP/2 POST https://localhost:7252/api/TravelAdmin/GetImgsByTrip?trip_id=1 - null 0
[2025-12-31 14:28:00.237 +02:00  INF]  CORS policy execution successful.
[2025-12-31 14:28:00.244 +02:00  INF]  Executing endpoint 'ExcursionApp.Controllers.TravelAdminController.GetImgsByTrip (ExcursionApp)'
[2025-12-31 14:28:00.244 +02:00  INF]  Route matched with {action = "GetImgsByTrip", controller = "TravelAdmin"}. Executing controller action with signature System.Threading.Tasks.Task`1[Microsoft.AspNetCore.Mvc.IActionResult] GetImgsByTrip(Int64) on controller ExcursionApp.Controllers.TravelAdminController (ExcursionApp).
[2025-12-31 14:28:00.246 +02:00  INF]  Executed DbCommand (1ms) [Parameters=[@__trip_id_0='?' (DbType = Decimal)], CommandType='"Text"', CommandTimeout='30']
SELECT t.id, t.img_height, t.img_name, 'http://api.raccoon24.de/' || COALESCE(t.img_path, '') AS img_path, 'http://api.raccoon24.de/' || COALESCE(t.img_resize_path, '') AS img_resize_path, t.img_width, t.is_default, t.trip_id
FROM trip_imgs AS t
WHERE t.trip_id::numeric = @__trip_id_0
ORDER BY t.id
[2025-12-31 14:28:00.248 +02:00  INF]  Executing OkObjectResult, writing value of type 'System.Collections.Generic.List`1[[ExcursionApp.Data.Entities.trip_img, ExcursionApp.Data, Version=1.0.0.0, Culture=neutral, PublicKeyToken=null]]'.
[2025-12-31 14:28:00.249 +02:00  INF]  Executed action ExcursionApp.Controllers.TravelAdminController.GetImgsByTrip (ExcursionApp) in 5.2704ms
[2025-12-31 14:28:00.249 +02:00  INF]  Executed endpoint 'ExcursionApp.Controllers.TravelAdminController.GetImgsByTrip (ExcursionApp)'
[2025-12-31 14:28:00.249 +02:00  INF]  Request finished HTTP/2 POST https://localhost:7252/api/TravelAdmin/GetImgsByTrip?trip_id=1 - 200 4471 application/json; charset=utf-8 11.913ms
[2025-12-31 14:29:33.898 +02:00  INF]  Request starting HTTP/2 OPTIONS https://localhost:7252/api/TravelAdmin/GetTrip_Mains?destination_id=0&&trip_type=0 - null null
[2025-12-31 14:29:33.898 +02:00  INF]  CORS policy execution successful.
[2025-12-31 14:29:33.915 +02:00  INF]  Request finished HTTP/2 OPTIONS https://localhost:7252/api/TravelAdmin/GetTrip_Mains?destination_id=0&&trip_type=0 - 204 null null 17.3047ms
[2025-12-31 14:29:33.964 +02:00  INF]  Request starting HTTP/2 POST https://localhost:7252/api/TravelAdmin/GetTrip_Mains?destination_id=0&&trip_type=0 - null 0
[2025-12-31 14:29:33.968 +02:00  INF]  CORS policy execution successful.
[2025-12-31 14:29:33.973 +02:00  INF]  Executing endpoint 'ExcursionApp.Controllers.TravelAdminController.GetTrip_Mains (ExcursionApp)'
[2025-12-31 14:29:33.973 +02:00  INF]  Route matched with {action = "GetTrip_Mains", controller = "TravelAdmin"}. Executing controller action with signature System.Threading.Tasks.Task`1[Microsoft.AspNetCore.Mvc.IActionResult] GetTrip_Mains(Int32, Int32) on controller ExcursionApp.Controllers.TravelAdminController (ExcursionApp).
[2025-12-31 14:29:33.979 +02:00  INF]  Executed DbCommand (4ms) [Parameters=[], CommandType='"Text"', CommandTimeout='30']
SELECT t.destination_id, t.active, t.id, t.pickup, t.route, t.show_in_slider, t.show_in_top, t.trip_code, t.trip_default_name, t.trip_duration, d.country_code, d.dest_code, d.dest_default_name, t.trip_type, t.transfer_category_id, t.trip_code_auto, t.release_days, t.trip_order, t.is_comm_soon
FROM trip_main AS t
INNER JOIN destination_main AS d ON t.destination_id = d.id
WHERE (t.destination_id = t.destination_id OR t.destination_id IS NULL) AND (t.trip_type = t.trip_type OR t.trip_type IS NULL)
ORDER BY t.id
[2025-12-31 14:29:33.980 +02:00  INF]  Executing OkObjectResult, writing value of type 'System.Collections.Generic.List`1[[ExcursionApp.Data.Models.trips.TripMainCast, ExcursionApp.Data, Version=1.0.0.0, Culture=neutral, PublicKeyToken=null]]'.
[2025-12-31 14:29:34.085 +02:00  INF]  Executed action ExcursionApp.Controllers.TravelAdminController.GetTrip_Mains (ExcursionApp) in 111.2822ms
[2025-12-31 14:29:34.085 +02:00  INF]  Executed endpoint 'ExcursionApp.Controllers.TravelAdminController.GetTrip_Mains (ExcursionApp)'
[2025-12-31 14:29:34.085 +02:00  INF]  Request finished HTTP/2 POST https://localhost:7252/api/TravelAdmin/GetTrip_Mains?destination_id=0&&trip_type=0 - 200 10080 application/json; charset=utf-8 121.2211ms
[2025-12-31 14:29:36.375 +02:00  INF]  Request starting HTTP/2 OPTIONS https://localhost:7252/api/TravelAdmin/GetImgsByTrip?trip_id=1 - null null
[2025-12-31 14:29:36.375 +02:00  INF]  CORS policy execution successful.
[2025-12-31 14:29:36.375 +02:00  INF]  Request finished HTTP/2 OPTIONS https://localhost:7252/api/TravelAdmin/GetImgsByTrip?trip_id=1 - 204 null null 0.2155ms
[2025-12-31 14:29:36.378 +02:00  INF]  Request starting HTTP/2 POST https://localhost:7252/api/TravelAdmin/GetImgsByTrip?trip_id=1 - null 0
[2025-12-31 14:29:36.378 +02:00  INF]  CORS policy execution successful.
[2025-12-31 14:29:36.379 +02:00  INF]  Executing endpoint 'ExcursionApp.Controllers.TravelAdminController.GetImgsByTrip (ExcursionApp)'
[2025-12-31 14:29:36.379 +02:00  INF]  Route matched with {action = "GetImgsByTrip", controller = "TravelAdmin"}. Executing controller action with signature System.Threading.Tasks.Task`1[Microsoft.AspNetCore.Mvc.IActionResult] GetImgsByTrip(Int64) on controller ExcursionApp.Controllers.TravelAdminController (ExcursionApp).
[2025-12-31 14:29:36.381 +02:00  INF]  Executed DbCommand (1ms) [Parameters=[@__trip_id_0='?' (DbType = Decimal)], CommandType='"Text"', CommandTimeout='30']
SELECT t.id, t.img_height, t.img_name, 'http://api.raccoon24.de/' || COALESCE(t.img_path, '') AS img_path, 'http://api.raccoon24.de/' || COALESCE(t.img_resize_path, '') AS img_resize_path, t.img_width, t.is_default, t.trip_id
FROM trip_imgs AS t
WHERE t.trip_id::numeric = @__trip_id_0
ORDER BY t.id
[2025-12-31 14:29:36.382 +02:00  INF]  Executing OkObjectResult, writing value of type 'System.Collections.Generic.List`1[[ExcursionApp.Data.Entities.trip_img, ExcursionApp.Data, Version=1.0.0.0, Culture=neutral, PublicKeyToken=null]]'.
[2025-12-31 14:29:36.384 +02:00  INF]  Executed action ExcursionApp.Controllers.TravelAdminController.GetImgsByTrip (ExcursionApp) in 5.3959ms
[2025-12-31 14:29:36.384 +02:00  INF]  Executed endpoint 'ExcursionApp.Controllers.TravelAdminController.GetImgsByTrip (ExcursionApp)'
[2025-12-31 14:29:36.384 +02:00  INF]  Request finished HTTP/2 POST https://localhost:7252/api/TravelAdmin/GetImgsByTrip?trip_id=1 - 200 4471 application/json; charset=utf-8 6.4034ms
[2025-12-31 14:29:55.936 +02:00  INF]  Request starting HTTP/2 OPTIONS https://localhost:7252/api/TravelAdmin/GetTrip_Mains?destination_id=0&&trip_type=0 - null null
[2025-12-31 14:29:55.936 +02:00  INF]  CORS policy execution successful.
[2025-12-31 14:29:55.936 +02:00  INF]  Request finished HTTP/2 OPTIONS https://localhost:7252/api/TravelAdmin/GetTrip_Mains?destination_id=0&&trip_type=0 - 204 null null 0.3556ms
[2025-12-31 14:29:55.939 +02:00  INF]  Request starting HTTP/2 POST https://localhost:7252/api/TravelAdmin/GetTrip_Mains?destination_id=0&&trip_type=0 - null 0
[2025-12-31 14:29:55.939 +02:00  INF]  CORS policy execution successful.
[2025-12-31 14:29:55.939 +02:00  INF]  Executing endpoint 'ExcursionApp.Controllers.TravelAdminController.GetTrip_Mains (ExcursionApp)'
[2025-12-31 14:29:55.939 +02:00  INF]  Route matched with {action = "GetTrip_Mains", controller = "TravelAdmin"}. Executing controller action with signature System.Threading.Tasks.Task`1[Microsoft.AspNetCore.Mvc.IActionResult] GetTrip_Mains(Int32, Int32) on controller ExcursionApp.Controllers.TravelAdminController (ExcursionApp).
[2025-12-31 14:29:55.986 +02:00  INF]  Executed DbCommand (46ms) [Parameters=[], CommandType='"Text"', CommandTimeout='30']
SELECT t.destination_id, t.active, t.id, t.pickup, t.route, t.show_in_slider, t.show_in_top, t.trip_code, t.trip_default_name, t.trip_duration, d.country_code, d.dest_code, d.dest_default_name, t.trip_type, t.transfer_category_id, t.trip_code_auto, t.release_days, t.trip_order, t.is_comm_soon
FROM trip_main AS t
INNER JOIN destination_main AS d ON t.destination_id = d.id
WHERE (t.destination_id = t.destination_id OR t.destination_id IS NULL) AND (t.trip_type = t.trip_type OR t.trip_type IS NULL)
ORDER BY t.id
[2025-12-31 14:29:55.986 +02:00  INF]  Executing OkObjectResult, writing value of type 'System.Collections.Generic.List`1[[ExcursionApp.Data.Models.trips.TripMainCast, ExcursionApp.Data, Version=1.0.0.0, Culture=neutral, PublicKeyToken=null]]'.
[2025-12-31 14:29:55.990 +02:00  INF]  Executed action ExcursionApp.Controllers.TravelAdminController.GetTrip_Mains (ExcursionApp) in 51.0432ms
[2025-12-31 14:29:55.990 +02:00  INF]  Executed endpoint 'ExcursionApp.Controllers.TravelAdminController.GetTrip_Mains (ExcursionApp)'
[2025-12-31 14:29:55.990 +02:00  INF]  Request finished HTTP/2 POST https://localhost:7252/api/TravelAdmin/GetTrip_Mains?destination_id=0&&trip_type=0 - 200 10080 application/json; charset=utf-8 51.7211ms
[2025-12-31 14:29:58.381 +02:00  INF]  Request starting HTTP/2 OPTIONS https://localhost:7252/api/TravelAdmin/GetImgsByTrip?trip_id=1 - null null
[2025-12-31 14:29:58.381 +02:00  INF]  CORS policy execution successful.
[2025-12-31 14:29:58.381 +02:00  INF]  Request finished HTTP/2 OPTIONS https://localhost:7252/api/TravelAdmin/GetImgsByTrip?trip_id=1 - 204 null null 0.312ms
[2025-12-31 14:29:58.385 +02:00  INF]  Request starting HTTP/2 POST https://localhost:7252/api/TravelAdmin/GetImgsByTrip?trip_id=1 - null 0
[2025-12-31 14:29:58.385 +02:00  INF]  CORS policy execution successful.
[2025-12-31 14:29:58.386 +02:00  INF]  Executing endpoint 'ExcursionApp.Controllers.TravelAdminController.GetImgsByTrip (ExcursionApp)'
[2025-12-31 14:29:58.386 +02:00  INF]  Route matched with {action = "GetImgsByTrip", controller = "TravelAdmin"}. Executing controller action with signature System.Threading.Tasks.Task`1[Microsoft.AspNetCore.Mvc.IActionResult] GetImgsByTrip(Int64) on controller ExcursionApp.Controllers.TravelAdminController (ExcursionApp).
[2025-12-31 14:29:58.389 +02:00  INF]  Executed DbCommand (2ms) [Parameters=[@__trip_id_0='?' (DbType = Decimal)], CommandType='"Text"', CommandTimeout='30']
SELECT t.id, t.img_height, t.img_name, 'http://api.raccoon24.de/' || COALESCE(t.img_path, '') AS img_path, 'http://api.raccoon24.de/' || COALESCE(t.img_resize_path, '') AS img_resize_path, t.img_width, t.is_default, t.trip_id
FROM trip_imgs AS t
WHERE t.trip_id::numeric = @__trip_id_0
ORDER BY t.id
[2025-12-31 14:29:58.389 +02:00  INF]  Executing OkObjectResult, writing value of type 'System.Collections.Generic.List`1[[ExcursionApp.Data.Entities.trip_img, ExcursionApp.Data, Version=1.0.0.0, Culture=neutral, PublicKeyToken=null]]'.
[2025-12-31 14:29:58.393 +02:00  INF]  Executed action ExcursionApp.Controllers.TravelAdminController.GetImgsByTrip (ExcursionApp) in 7.3198ms
[2025-12-31 14:29:58.393 +02:00  INF]  Executed endpoint 'ExcursionApp.Controllers.TravelAdminController.GetImgsByTrip (ExcursionApp)'
[2025-12-31 14:29:58.393 +02:00  INF]  Request finished HTTP/2 POST https://localhost:7252/api/TravelAdmin/GetImgsByTrip?trip_id=1 - 200 4471 application/json; charset=utf-8 8.3343ms
[2025-12-31 14:30:40.649 +02:00  INF]  Request starting HTTP/2 OPTIONS https://localhost:7252/api/TravelAdmin/GetTrip_Mains?destination_id=0&&trip_type=0 - null null
[2025-12-31 14:30:40.649 +02:00  INF]  CORS policy execution successful.
[2025-12-31 14:30:40.649 +02:00  INF]  Request finished HTTP/2 OPTIONS https://localhost:7252/api/TravelAdmin/GetTrip_Mains?destination_id=0&&trip_type=0 - 204 null null 0.2433ms
[2025-12-31 14:30:40.653 +02:00  INF]  Request starting HTTP/2 POST https://localhost:7252/api/TravelAdmin/GetTrip_Mains?destination_id=0&&trip_type=0 - null 0
[2025-12-31 14:30:40.653 +02:00  INF]  CORS policy execution successful.
[2025-12-31 14:30:40.653 +02:00  INF]  Executing endpoint 'ExcursionApp.Controllers.TravelAdminController.GetTrip_Mains (ExcursionApp)'
[2025-12-31 14:30:40.653 +02:00  INF]  Route matched with {action = "GetTrip_Mains", controller = "TravelAdmin"}. Executing controller action with signature System.Threading.Tasks.Task`1[Microsoft.AspNetCore.Mvc.IActionResult] GetTrip_Mains(Int32, Int32) on controller ExcursionApp.Controllers.TravelAdminController (ExcursionApp).
[2025-12-31 14:30:40.731 +02:00  INF]  Executed DbCommand (3ms) [Parameters=[], CommandType='"Text"', CommandTimeout='30']
SELECT t.destination_id, t.active, t.id, t.pickup, t.route, t.show_in_slider, t.show_in_top, t.trip_code, t.trip_default_name, t.trip_duration, d.country_code, d.dest_code, d.dest_default_name, t.trip_type, t.transfer_category_id, t.trip_code_auto, t.release_days, t.trip_order, t.is_comm_soon
FROM trip_main AS t
INNER JOIN destination_main AS d ON t.destination_id = d.id
WHERE (t.destination_id = t.destination_id OR t.destination_id IS NULL) AND (t.trip_type = t.trip_type OR t.trip_type IS NULL)
ORDER BY t.id
[2025-12-31 14:30:40.732 +02:00  INF]  Executing OkObjectResult, writing value of type 'System.Collections.Generic.List`1[[ExcursionApp.Data.Models.trips.TripMainCast, ExcursionApp.Data, Version=1.0.0.0, Culture=neutral, PublicKeyToken=null]]'.
[2025-12-31 14:30:40.733 +02:00  INF]  Executed action ExcursionApp.Controllers.TravelAdminController.GetTrip_Mains (ExcursionApp) in 79.3474ms
[2025-12-31 14:30:40.735 +02:00  INF]  Executed endpoint 'ExcursionApp.Controllers.TravelAdminController.GetTrip_Mains (ExcursionApp)'
[2025-12-31 14:30:40.737 +02:00  INF]  Request finished HTTP/2 POST https://localhost:7252/api/TravelAdmin/GetTrip_Mains?destination_id=0&&trip_type=0 - 200 10080 application/json; charset=utf-8 84.0613ms
[2025-12-31 14:30:42.412 +02:00  INF]  Request starting HTTP/2 OPTIONS https://localhost:7252/api/TravelAdmin/GetImgsByTrip?trip_id=1 - null null
[2025-12-31 14:30:42.412 +02:00  INF]  CORS policy execution successful.
[2025-12-31 14:30:42.412 +02:00  INF]  Request finished HTTP/2 OPTIONS https://localhost:7252/api/TravelAdmin/GetImgsByTrip?trip_id=1 - 204 null null 0.5073ms
[2025-12-31 14:30:42.414 +02:00  INF]  Request starting HTTP/2 POST https://localhost:7252/api/TravelAdmin/GetImgsByTrip?trip_id=1 - null 0
[2025-12-31 14:30:42.414 +02:00  INF]  CORS policy execution successful.
[2025-12-31 14:30:42.414 +02:00  INF]  Executing endpoint 'ExcursionApp.Controllers.TravelAdminController.GetImgsByTrip (ExcursionApp)'
[2025-12-31 14:30:42.414 +02:00  INF]  Route matched with {action = "GetImgsByTrip", controller = "TravelAdmin"}. Executing controller action with signature System.Threading.Tasks.Task`1[Microsoft.AspNetCore.Mvc.IActionResult] GetImgsByTrip(Int64) on controller ExcursionApp.Controllers.TravelAdminController (ExcursionApp).
[2025-12-31 14:30:42.420 +02:00  INF]  Executed DbCommand (5ms) [Parameters=[@__trip_id_0='?' (DbType = Decimal)], CommandType='"Text"', CommandTimeout='30']
SELECT t.id, t.img_height, t.img_name, 'http://api.raccoon24.de/' || COALESCE(t.img_path, '') AS img_path, 'http://api.raccoon24.de/' || COALESCE(t.img_resize_path, '') AS img_resize_path, t.img_width, t.is_default, t.trip_id
FROM trip_imgs AS t
WHERE t.trip_id::numeric = @__trip_id_0
ORDER BY t.id
[2025-12-31 14:30:42.421 +02:00  INF]  Executing OkObjectResult, writing value of type 'System.Collections.Generic.List`1[[ExcursionApp.Data.Entities.trip_img, ExcursionApp.Data, Version=1.0.0.0, Culture=neutral, PublicKeyToken=null]]'.
[2025-12-31 14:30:42.422 +02:00  INF]  Executed action ExcursionApp.Controllers.TravelAdminController.GetImgsByTrip (ExcursionApp) in 7.847ms
[2025-12-31 14:30:42.422 +02:00  INF]  Executed endpoint 'ExcursionApp.Controllers.TravelAdminController.GetImgsByTrip (ExcursionApp)'
[2025-12-31 14:30:42.423 +02:00  INF]  Request finished HTTP/2 POST https://localhost:7252/api/TravelAdmin/GetImgsByTrip?trip_id=1 - 200 4471 application/json; charset=utf-8 8.833ms
[2025-12-31 14:31:45.443 +02:00  INF]  Request starting HTTP/2 OPTIONS https://localhost:7252/api/TravelAdmin/GetTrip_Mains?destination_id=0&&trip_type=0 - null null
[2025-12-31 14:31:45.443 +02:00  INF]  CORS policy execution successful.
[2025-12-31 14:31:45.443 +02:00  INF]  Request finished HTTP/2 OPTIONS https://localhost:7252/api/TravelAdmin/GetTrip_Mains?destination_id=0&&trip_type=0 - 204 null null 0.2944ms
[2025-12-31 14:31:45.453 +02:00  INF]  Request starting HTTP/2 POST https://localhost:7252/api/TravelAdmin/GetTrip_Mains?destination_id=0&&trip_type=0 - null 0
[2025-12-31 14:31:45.453 +02:00  INF]  CORS policy execution successful.
[2025-12-31 14:31:45.453 +02:00  INF]  Executing endpoint 'ExcursionApp.Controllers.TravelAdminController.GetTrip_Mains (ExcursionApp)'
[2025-12-31 14:31:45.453 +02:00  INF]  Route matched with {action = "GetTrip_Mains", controller = "TravelAdmin"}. Executing controller action with signature System.Threading.Tasks.Task`1[Microsoft.AspNetCore.Mvc.IActionResult] GetTrip_Mains(Int32, Int32) on controller ExcursionApp.Controllers.TravelAdminController (ExcursionApp).
[2025-12-31 14:31:45.469 +02:00  INF]  Executed DbCommand (9ms) [Parameters=[], CommandType='"Text"', CommandTimeout='30']
SELECT t.destination_id, t.active, t.id, t.pickup, t.route, t.show_in_slider, t.show_in_top, t.trip_code, t.trip_default_name, t.trip_duration, d.country_code, d.dest_code, d.dest_default_name, t.trip_type, t.transfer_category_id, t.trip_code_auto, t.release_days, t.trip_order, t.is_comm_soon
FROM trip_main AS t
INNER JOIN destination_main AS d ON t.destination_id = d.id
WHERE (t.destination_id = t.destination_id OR t.destination_id IS NULL) AND (t.trip_type = t.trip_type OR t.trip_type IS NULL)
ORDER BY t.id
[2025-12-31 14:31:45.469 +02:00  INF]  Executing OkObjectResult, writing value of type 'System.Collections.Generic.List`1[[ExcursionApp.Data.Models.trips.TripMainCast, ExcursionApp.Data, Version=1.0.0.0, Culture=neutral, PublicKeyToken=null]]'.
[2025-12-31 14:31:45.477 +02:00  INF]  Executed action ExcursionApp.Controllers.TravelAdminController.GetTrip_Mains (ExcursionApp) in 23.8528ms
[2025-12-31 14:31:45.477 +02:00  INF]  Executed endpoint 'ExcursionApp.Controllers.TravelAdminController.GetTrip_Mains (ExcursionApp)'
[2025-12-31 14:31:45.478 +02:00  INF]  Request finished HTTP/2 POST https://localhost:7252/api/TravelAdmin/GetTrip_Mains?destination_id=0&&trip_type=0 - 200 10080 application/json; charset=utf-8 24.8505ms
[2025-12-31 14:31:46.900 +02:00  INF]  Request starting HTTP/2 OPTIONS https://localhost:7252/api/TravelAdmin/GetImgsByTrip?trip_id=1 - null null
[2025-12-31 14:31:46.900 +02:00  INF]  CORS policy execution successful.
[2025-12-31 14:31:46.900 +02:00  INF]  Request finished HTTP/2 OPTIONS https://localhost:7252/api/TravelAdmin/GetImgsByTrip?trip_id=1 - 204 null null 0.4757ms
[2025-12-31 14:31:46.902 +02:00  INF]  Request starting HTTP/2 POST https://localhost:7252/api/TravelAdmin/GetImgsByTrip?trip_id=1 - null 0
[2025-12-31 14:31:46.902 +02:00  INF]  CORS policy execution successful.
[2025-12-31 14:31:46.902 +02:00  INF]  Executing endpoint 'ExcursionApp.Controllers.TravelAdminController.GetImgsByTrip (ExcursionApp)'
[2025-12-31 14:31:46.902 +02:00  INF]  Route matched with {action = "GetImgsByTrip", controller = "TravelAdmin"}. Executing controller action with signature System.Threading.Tasks.Task`1[Microsoft.AspNetCore.Mvc.IActionResult] GetImgsByTrip(Int64) on controller ExcursionApp.Controllers.TravelAdminController (ExcursionApp).
[2025-12-31 14:31:46.904 +02:00  INF]  Executed DbCommand (1ms) [Parameters=[@__trip_id_0='?' (DbType = Decimal)], CommandType='"Text"', CommandTimeout='30']
SELECT t.id, t.img_height, t.img_name, 'http://api.raccoon24.de/' || COALESCE(t.img_path, '') AS img_path, 'http://api.raccoon24.de/' || COALESCE(t.img_resize_path, '') AS img_resize_path, t.img_width, t.is_default, t.trip_id
FROM trip_imgs AS t
WHERE t.trip_id::numeric = @__trip_id_0
ORDER BY t.id
[2025-12-31 14:31:46.905 +02:00  INF]  Executing OkObjectResult, writing value of type 'System.Collections.Generic.List`1[[ExcursionApp.Data.Entities.trip_img, ExcursionApp.Data, Version=1.0.0.0, Culture=neutral, PublicKeyToken=null]]'.
[2025-12-31 14:31:46.906 +02:00  INF]  Executed action ExcursionApp.Controllers.TravelAdminController.GetImgsByTrip (ExcursionApp) in 3.2889ms
[2025-12-31 14:31:46.906 +02:00  INF]  Executed endpoint 'ExcursionApp.Controllers.TravelAdminController.GetImgsByTrip (ExcursionApp)'
[2025-12-31 14:31:46.906 +02:00  INF]  Request finished HTTP/2 POST https://localhost:7252/api/TravelAdmin/GetImgsByTrip?trip_id=1 - 200 4471 application/json; charset=utf-8 4.072ms
[2025-12-31 14:32:25.342 +02:00  INF]  Request starting HTTP/2 OPTIONS https://localhost:7252/api/TravelAdmin/GetTrip_Mains?destination_id=0&&trip_type=0 - null null
[2025-12-31 14:32:25.345 +02:00  INF]  CORS policy execution successful.
[2025-12-31 14:32:25.345 +02:00  INF]  Request finished HTTP/2 OPTIONS https://localhost:7252/api/TravelAdmin/GetTrip_Mains?destination_id=0&&trip_type=0 - 204 null null 2.6566ms
[2025-12-31 14:32:25.354 +02:00  INF]  Request starting HTTP/2 POST https://localhost:7252/api/TravelAdmin/GetTrip_Mains?destination_id=0&&trip_type=0 - null 0
[2025-12-31 14:32:25.354 +02:00  INF]  CORS policy execution successful.
[2025-12-31 14:32:25.355 +02:00  INF]  Executing endpoint 'ExcursionApp.Controllers.TravelAdminController.GetTrip_Mains (ExcursionApp)'
[2025-12-31 14:32:25.355 +02:00  INF]  Route matched with {action = "GetTrip_Mains", controller = "TravelAdmin"}. Executing controller action with signature System.Threading.Tasks.Task`1[Microsoft.AspNetCore.Mvc.IActionResult] GetTrip_Mains(Int32, Int32) on controller ExcursionApp.Controllers.TravelAdminController (ExcursionApp).
[2025-12-31 14:32:25.370 +02:00  INF]  Executed DbCommand (14ms) [Parameters=[], CommandType='"Text"', CommandTimeout='30']
SELECT t.destination_id, t.active, t.id, t.pickup, t.route, t.show_in_slider, t.show_in_top, t.trip_code, t.trip_default_name, t.trip_duration, d.country_code, d.dest_code, d.dest_default_name, t.trip_type, t.transfer_category_id, t.trip_code_auto, t.release_days, t.trip_order, t.is_comm_soon
FROM trip_main AS t
INNER JOIN destination_main AS d ON t.destination_id = d.id
WHERE (t.destination_id = t.destination_id OR t.destination_id IS NULL) AND (t.trip_type = t.trip_type OR t.trip_type IS NULL)
ORDER BY t.id
[2025-12-31 14:32:25.374 +02:00  INF]  Executing OkObjectResult, writing value of type 'System.Collections.Generic.List`1[[ExcursionApp.Data.Models.trips.TripMainCast, ExcursionApp.Data, Version=1.0.0.0, Culture=neutral, PublicKeyToken=null]]'.
[2025-12-31 14:32:25.381 +02:00  INF]  Executed action ExcursionApp.Controllers.TravelAdminController.GetTrip_Mains (ExcursionApp) in 26.7517ms
[2025-12-31 14:32:25.382 +02:00  INF]  Executed endpoint 'ExcursionApp.Controllers.TravelAdminController.GetTrip_Mains (ExcursionApp)'
[2025-12-31 14:32:25.382 +02:00  INF]  Request finished HTTP/2 POST https://localhost:7252/api/TravelAdmin/GetTrip_Mains?destination_id=0&&trip_type=0 - 200 10080 application/json; charset=utf-8 27.7532ms
[2025-12-31 14:32:27.013 +02:00  INF]  Request starting HTTP/2 OPTIONS https://localhost:7252/api/TravelAdmin/GetImgsByTrip?trip_id=1 - null null
[2025-12-31 14:32:27.013 +02:00  INF]  CORS policy execution successful.
[2025-12-31 14:32:27.013 +02:00  INF]  Request finished HTTP/2 OPTIONS https://localhost:7252/api/TravelAdmin/GetImgsByTrip?trip_id=1 - 204 null null 0.2119ms
[2025-12-31 14:32:27.015 +02:00  INF]  Request starting HTTP/2 POST https://localhost:7252/api/TravelAdmin/GetImgsByTrip?trip_id=1 - null 0
[2025-12-31 14:32:27.015 +02:00  INF]  CORS policy execution successful.
[2025-12-31 14:32:27.015 +02:00  INF]  Executing endpoint 'ExcursionApp.Controllers.TravelAdminController.GetImgsByTrip (ExcursionApp)'
[2025-12-31 14:32:27.015 +02:00  INF]  Route matched with {action = "GetImgsByTrip", controller = "TravelAdmin"}. Executing controller action with signature System.Threading.Tasks.Task`1[Microsoft.AspNetCore.Mvc.IActionResult] GetImgsByTrip(Int64) on controller ExcursionApp.Controllers.TravelAdminController (ExcursionApp).
[2025-12-31 14:32:27.017 +02:00  INF]  Executed DbCommand (1ms) [Parameters=[@__trip_id_0='?' (DbType = Decimal)], CommandType='"Text"', CommandTimeout='30']
SELECT t.id, t.img_height, t.img_name, 'http://api.raccoon24.de/' || COALESCE(t.img_path, '') AS img_path, 'http://api.raccoon24.de/' || COALESCE(t.img_resize_path, '') AS img_resize_path, t.img_width, t.is_default, t.trip_id
FROM trip_imgs AS t
WHERE t.trip_id::numeric = @__trip_id_0
ORDER BY t.id
[2025-12-31 14:32:27.017 +02:00  INF]  Executing OkObjectResult, writing value of type 'System.Collections.Generic.List`1[[ExcursionApp.Data.Entities.trip_img, ExcursionApp.Data, Version=1.0.0.0, Culture=neutral, PublicKeyToken=null]]'.
[2025-12-31 14:32:27.018 +02:00  INF]  Executed action ExcursionApp.Controllers.TravelAdminController.GetImgsByTrip (ExcursionApp) in 2.927ms
[2025-12-31 14:32:27.018 +02:00  INF]  Executed endpoint 'ExcursionApp.Controllers.TravelAdminController.GetImgsByTrip (ExcursionApp)'
[2025-12-31 14:32:27.018 +02:00  INF]  Request finished HTTP/2 POST https://localhost:7252/api/TravelAdmin/GetImgsByTrip?trip_id=1 - 200 4471 application/json; charset=utf-8 3.7964ms
